DEPRECATION WARNING: You didn't set `secret_key_base`. Read the upgrade documentation to learn more about this new config option. (called from env_config at /home/anton/.rvm/gems/ruby-2.5.0/gems/railties-5.1.5/lib/rails/application.rb:247)
DEPRECATION WARNING: You didn't set `secret_key_base`. Read the upgrade documentation to learn more about this new config option. (called from env_config at /home/anton/.rvm/gems/ruby-2.5.0/gems/railties-5.1.5/lib/rails/application.rb:247)
DEPRECATION WARNING: You didn't set `secret_key_base`. Read the upgrade documentation to learn more about this new config option. (called from env_config at /home/anton/.rvm/gems/ruby-2.5.0/gems/railties-5.1.5/lib/rails/application.rb:247)
Started GET "/" for 127.0.0.1 at 2018-03-20 16:02:55 +0300
  
ActiveRecord::PendingMigrationError (

Migrations are pending. To resolve this issue, run:

        bin/rails db:migrate RAILS_ENV=development

):
  
activerecord (5.1.5) lib/active_record/migration.rb:576:in `check_pending!'
activerecord (5.1.5) lib/active_record/migration.rb:553:in `call'
actionpack (5.1.5) lib/action_dispatch/middleware/callbacks.rb:26:in `block in call'
activesupport (5.1.5) lib/active_support/callbacks.rb:97:in `run_callbacks'
actionpack (5.1.5) lib/action_dispatch/middleware/callbacks.rb:24:in `call'
actionpack (5.1.5) lib/action_dispatch/middleware/executor.rb:12:in `call'
actionpack (5.1.5) lib/action_dispatch/middleware/debug_exceptions.rb:59:in `call'
web-console (3.5.1) lib/web_console/middleware.rb:135:in `call_app'
web-console (3.5.1) lib/web_console/middleware.rb:28:in `block in call'
web-console (3.5.1) lib/web_console/middleware.rb:18:in `catch'
web-console (3.5.1) lib/web_console/middleware.rb:18:in `call'
actionpack (5.1.5) lib/action_dispatch/middleware/show_exceptions.rb:31:in `call'
railties (5.1.5) lib/rails/rack/logger.rb:36:in `call_app'
railties (5.1.5) lib/rails/rack/logger.rb:24:in `block in call'
activesupport (5.1.5) lib/active_support/tagged_logging.rb:69:in `block in tagged'
activesupport (5.1.5) lib/active_support/tagged_logging.rb:26:in `tagged'
activesupport (5.1.5) lib/active_support/tagged_logging.rb:69:in `tagged'
railties (5.1.5) lib/rails/rack/logger.rb:24:in `call'
sprockets-rails (3.2.1) lib/sprockets/rails/quiet_assets.rb:13:in `call'
actionpack (5.1.5) lib/action_dispatch/middleware/remote_ip.rb:79:in `call'
actionpack (5.1.5) lib/action_dispatch/middleware/request_id.rb:25:in `call'
rack (2.0.4) lib/rack/method_override.rb:22:in `call'
rack (2.0.4) lib/rack/runtime.rb:22:in `call'
activesupport (5.1.5) lib/active_support/cache/strategy/local_cache_middleware.rb:27:in `call'
actionpack (5.1.5) lib/action_dispatch/middleware/executor.rb:12:in `call'
actionpack (5.1.5) lib/action_dispatch/middleware/static.rb:125:in `call'
rack (2.0.4) lib/rack/sendfile.rb:111:in `call'
railties (5.1.5) lib/rails/engine.rb:522:in `call'
puma (3.11.3) lib/puma/configuration.rb:225:in `call'
puma (3.11.3) lib/puma/server.rb:624:in `handle_request'
puma (3.11.3) lib/puma/server.rb:438:in `process_client'
puma (3.11.3) lib/puma/server.rb:302:in `block in run'
puma (3.11.3) lib/puma/thread_pool.rb:120:in `block in spawn_thread'
  [1m[35m (0.1ms)[0m  [1m[35mDROP TABLE IF EXISTS "cities"[0m
  [1m[35m (0.1ms)[0m  [1m[34mSELECT sqlite_version(*)[0m
  [1m[35m (31.0ms)[0m  [1m[35mCREATE TABLE "cities" ("id" INTEGER PRIMARY KEY AUTOINCREMENT NOT NULL, "name" varchar, "country_id" integer, "created_at" datetime NOT NULL, "updated_at" datetime NOT NULL)[0m
  [1m[35m (27.7ms)[0m  [1m[35mCREATE  INDEX "index_cities_on_country_id" ON "cities" ("country_id")[0m
  [1m[35m (0.3ms)[0m  [1m[35mDROP TABLE IF EXISTS "countries"[0m
  [1m[35m (33.4ms)[0m  [1m[35mCREATE TABLE "countries" ("id" INTEGER PRIMARY KEY AUTOINCREMENT NOT NULL, "name" varchar, "created_at" datetime NOT NULL, "updated_at" datetime NOT NULL)[0m
  [1m[35m (0.3ms)[0m  [1m[35mDROP TABLE IF EXISTS "users"[0m
  [1m[35m (34.8ms)[0m  [1m[35mCREATE TABLE "users" ("id" INTEGER PRIMARY KEY AUTOINCREMENT NOT NULL, "first_name" varchar, "last_name" varchar, "email" varchar, "country_id" integer, "city_id" integer, "created_at" datetime NOT NULL, "updated_at" datetime NOT NULL)[0m
  [1m[35m (27.5ms)[0m  [1m[35mCREATE  INDEX "index_users_on_city_id" ON "users" ("city_id")[0m
  [1m[35m (0.4ms)[0m  [1m[34m            SELECT sql
            FROM sqlite_master
            WHERE name='index_users_on_city_id' AND type='index'
            UNION ALL
            SELECT sql
            FROM sqlite_temp_master
            WHERE name='index_users_on_city_id' AND type='index'
[0m
  [1m[35m (31.0ms)[0m  [1m[35mCREATE  INDEX "index_users_on_country_id" ON "users" ("country_id")[0m
  [1m[35m (46.0ms)[0m  [1m[35mCREATE TABLE "schema_migrations" ("version" varchar NOT NULL PRIMARY KEY)[0m
  [1m[35m (0.2ms)[0m  [1m[34mSELECT "schema_migrations"."version" FROM "schema_migrations" ORDER BY "schema_migrations"."version" ASC[0m
  [1m[35m (19.7ms)[0m  [1m[32mINSERT INTO "schema_migrations" (version) VALUES (20180315075610)[0m
  [1m[35m (23.2ms)[0m  [1m[32mINSERT INTO "schema_migrations" (version) VALUES
(20180314082614),
(20180315075141);

[0m
  [1m[35m (48.5ms)[0m  [1m[35mCREATE TABLE "ar_internal_metadata" ("key" varchar NOT NULL PRIMARY KEY, "value" varchar, "created_at" datetime NOT NULL, "updated_at" datetime NOT NULL)[0m
  [1m[36mActiveRecord::InternalMetadata Load (0.1ms)[0m  [1m[34mSELECT  "ar_internal_metadata".* FROM "ar_internal_metadata" WHERE "ar_internal_metadata"."key" = ? LIMIT ?[0m  [["key", "environment"], ["LIMIT", 1]]
  [1m[35m (0.0ms)[0m  [1m[36mbegin transaction[0m
  [1m[35mSQL (0.3ms)[0m  [1m[32mINSERT INTO "ar_internal_metadata" ("key", "value", "created_at", "updated_at") VALUES (?, ?, ?, ?)[0m  [["key", "environment"], ["value", "development"], ["created_at", "2018-03-20 13:03:36.157140"], ["updated_at", "2018-03-20 13:03:36.157140"]]
  [1m[35m (21.3ms)[0m  [1m[36mcommit transaction[0m
  [1m[36mActiveRecord::InternalMetadata Load (0.1ms)[0m  [1m[34mSELECT  "ar_internal_metadata".* FROM "ar_internal_metadata" WHERE "ar_internal_metadata"."key" = ? LIMIT ?[0m  [["key", "environment"], ["LIMIT", 1]]
  [1m[35m (0.1ms)[0m  [1m[36mbegin transaction[0m
  [1m[35m (0.0ms)[0m  [1m[36mcommit transaction[0m
  [1m[35m (0.1ms)[0m  [1m[35mDROP TABLE IF EXISTS "cities"[0m
  [1m[35m (0.1ms)[0m  [1m[34mSELECT sqlite_version(*)[0m
  [1m[35m (28.6ms)[0m  [1m[35mCREATE TABLE "cities" ("id" INTEGER PRIMARY KEY AUTOINCREMENT NOT NULL, "name" varchar, "country_id" integer, "created_at" datetime NOT NULL, "updated_at" datetime NOT NULL)[0m
  [1m[35m (48.4ms)[0m  [1m[35mCREATE  INDEX "index_cities_on_country_id" ON "cities" ("country_id")[0m
  [1m[35m (0.3ms)[0m  [1m[35mDROP TABLE IF EXISTS "countries"[0m
  [1m[35m (27.8ms)[0m  [1m[35mCREATE TABLE "countries" ("id" INTEGER PRIMARY KEY AUTOINCREMENT NOT NULL, "name" varchar, "created_at" datetime NOT NULL, "updated_at" datetime NOT NULL)[0m
  [1m[35m (0.2ms)[0m  [1m[35mDROP TABLE IF EXISTS "users"[0m
  [1m[35m (32.3ms)[0m  [1m[35mCREATE TABLE "users" ("id" INTEGER PRIMARY KEY AUTOINCREMENT NOT NULL, "first_name" varchar, "last_name" varchar, "email" varchar, "country_id" integer, "city_id" integer, "created_at" datetime NOT NULL, "updated_at" datetime NOT NULL)[0m
  [1m[35m (46.5ms)[0m  [1m[35mCREATE  INDEX "index_users_on_city_id" ON "users" ("city_id")[0m
  [1m[35m (0.4ms)[0m  [1m[34m            SELECT sql
            FROM sqlite_master
            WHERE name='index_users_on_city_id' AND type='index'
            UNION ALL
            SELECT sql
            FROM sqlite_temp_master
            WHERE name='index_users_on_city_id' AND type='index'
[0m
  [1m[35m (28.5ms)[0m  [1m[35mCREATE  INDEX "index_users_on_country_id" ON "users" ("country_id")[0m
  [1m[35m (32.9ms)[0m  [1m[35mCREATE TABLE "schema_migrations" ("version" varchar NOT NULL PRIMARY KEY)[0m
  [1m[35m (0.4ms)[0m  [1m[34mSELECT "schema_migrations"."version" FROM "schema_migrations" ORDER BY "schema_migrations"."version" ASC[0m
  [1m[35m (39.0ms)[0m  [1m[32mINSERT INTO "schema_migrations" (version) VALUES (20180315075610)[0m
  [1m[35m (25.2ms)[0m  [1m[32mINSERT INTO "schema_migrations" (version) VALUES
(20180314082614),
(20180315075141);

[0m
  [1m[35m (30.8ms)[0m  [1m[35mCREATE TABLE "ar_internal_metadata" ("key" varchar NOT NULL PRIMARY KEY, "value" varchar, "created_at" datetime NOT NULL, "updated_at" datetime NOT NULL)[0m
  [1m[36mActiveRecord::InternalMetadata Load (0.2ms)[0m  [1m[34mSELECT  "ar_internal_metadata".* FROM "ar_internal_metadata" WHERE "ar_internal_metadata"."key" = ? LIMIT ?[0m  [["key", "environment"], ["LIMIT", 1]]
  [1m[35m (0.0ms)[0m  [1m[36mbegin transaction[0m
  [1m[35mSQL (0.2ms)[0m  [1m[32mINSERT INTO "ar_internal_metadata" ("key", "value", "created_at", "updated_at") VALUES (?, ?, ?, ?)[0m  [["key", "environment"], ["value", "development"], ["created_at", "2018-03-20 13:03:36.562336"], ["updated_at", "2018-03-20 13:03:36.562336"]]
  [1m[35m (27.6ms)[0m  [1m[36mcommit transaction[0m
  [1m[36mActiveRecord::InternalMetadata Load (0.1ms)[0m  [1m[34mSELECT  "ar_internal_metadata".* FROM "ar_internal_metadata" WHERE "ar_internal_metadata"."key" = ? LIMIT ?[0m  [["key", "environment"], ["LIMIT", 1]]
  [1m[35m (0.0ms)[0m  [1m[36mbegin transaction[0m
  [1m[35mSQL (0.2ms)[0m  [1m[33mUPDATE "ar_internal_metadata" SET "value" = ?, "updated_at" = ? WHERE "ar_internal_metadata"."key" = ?[0m  [["value", "test"], ["updated_at", "2018-03-20 13:03:36.594145"], ["key", "environment"]]
  [1m[35m (25.5ms)[0m  [1m[36mcommit transaction[0m
  [1m[35m (0.1ms)[0m  [1m[34mSELECT "schema_migrations"."version" FROM "schema_migrations" ORDER BY "schema_migrations"."version" ASC[0m
  [1m[35m (0.1ms)[0m  [1m[36mbegin transaction[0m
  [1m[35mSQL (0.3ms)[0m  [1m[32mINSERT INTO "countries" ("name", "created_at", "updated_at") VALUES (?, ?, ?)[0m  [["name", "Belarus"], ["created_at", "2018-03-20 13:03:36.631310"], ["updated_at", "2018-03-20 13:03:36.631310"]]
  [1m[35m (21.3ms)[0m  [1m[36mcommit transaction[0m
  [1m[35m (0.1ms)[0m  [1m[36mbegin transaction[0m
  [1m[35mSQL (0.2ms)[0m  [1m[32mINSERT INTO "countries" ("name", "created_at", "updated_at") VALUES (?, ?, ?)[0m  [["name", "Russia"], ["created_at", "2018-03-20 13:03:36.657144"], ["updated_at", "2018-03-20 13:03:36.657144"]]
  [1m[35m (25.0ms)[0m  [1m[36mcommit transaction[0m
  [1m[35m (0.0ms)[0m  [1m[36mbegin transaction[0m
  [1m[35mSQL (0.3ms)[0m  [1m[32mINSERT INTO "countries" ("name", "created_at", "updated_at") VALUES (?, ?, ?)[0m  [["name", "USA"], ["created_at", "2018-03-20 13:03:36.685712"], ["updated_at", "2018-03-20 13:03:36.685712"]]
  [1m[35m (44.1ms)[0m  [1m[36mcommit transaction[0m
  [1m[36mCountry Load (0.2ms)[0m  [1m[34mSELECT  "countries".* FROM "countries" WHERE "countries"."name" = ? LIMIT ?[0m  [["name", "Belarus"], ["LIMIT", 1]]
  [1m[35m (0.0ms)[0m  [1m[36mbegin transaction[0m
  [1m[36mCountry Load (0.2ms)[0m  [1m[34mSELECT  "countries".* FROM "countries" WHERE "countries"."id" = ? LIMIT ?[0m  [["id", 1], ["LIMIT", 1]]
  [1m[35mSQL (0.3ms)[0m  [1m[32mINSERT INTO "cities" ("name", "country_id", "created_at", "updated_at") VALUES (?, ?, ?, ?)[0m  [["name", "Braslaw"], ["country_id", 1], ["created_at", "2018-03-20 13:03:36.753421"], ["updated_at", "2018-03-20 13:03:36.753421"]]
  [1m[35m (20.0ms)[0m  [1m[36mcommit transaction[0m
  [1m[36mCountry Load (0.1ms)[0m  [1m[34mSELECT  "countries".* FROM "countries" WHERE "countries"."name" = ? LIMIT ?[0m  [["name", "Belarus"], ["LIMIT", 1]]
  [1m[35m (0.1ms)[0m  [1m[36mbegin transaction[0m
  [1m[36mCountry Load (0.1ms)[0m  [1m[34mSELECT  "countries".* FROM "countries" WHERE "countries"."id" = ? LIMIT ?[0m  [["id", 1], ["LIMIT", 1]]
  [1m[35mSQL (0.2ms)[0m  [1m[32mINSERT INTO "cities" ("name", "country_id", "created_at", "updated_at") VALUES (?, ?, ?, ?)[0m  [["name", "Minsk"], ["country_id", 1], ["created_at", "2018-03-20 13:03:36.778092"], ["updated_at", "2018-03-20 13:03:36.778092"]]
  [1m[35m (22.2ms)[0m  [1m[36mcommit transaction[0m
  [1m[36mCountry Load (0.1ms)[0m  [1m[34mSELECT  "countries".* FROM "countries" WHERE "countries"."name" = ? LIMIT ?[0m  [["name", "Belarus"], ["LIMIT", 1]]
  [1m[35m (0.1ms)[0m  [1m[36mbegin transaction[0m
  [1m[36mCountry Load (0.1ms)[0m  [1m[34mSELECT  "countries".* FROM "countries" WHERE "countries"."id" = ? LIMIT ?[0m  [["id", 1], ["LIMIT", 1]]
  [1m[35mSQL (0.3ms)[0m  [1m[32mINSERT INTO "cities" ("name", "country_id", "created_at", "updated_at") VALUES (?, ?, ?, ?)[0m  [["name", "Vitebsk"], ["country_id", 1], ["created_at", "2018-03-20 13:03:36.802918"], ["updated_at", "2018-03-20 13:03:36.802918"]]
  [1m[35m (45.9ms)[0m  [1m[36mcommit transaction[0m
  [1m[36mCountry Load (0.3ms)[0m  [1m[34mSELECT  "countries".* FROM "countries" WHERE "countries"."name" = ? LIMIT ?[0m  [["name", "Russia"], ["LIMIT", 1]]
  [1m[35m (0.3ms)[0m  [1m[36mbegin transaction[0m
  [1m[36mCountry Load (0.2ms)[0m  [1m[34mSELECT  "countries".* FROM "countries" WHERE "countries"."id" = ? LIMIT ?[0m  [["id", 2], ["LIMIT", 1]]
  [1m[35mSQL (0.6ms)[0m  [1m[32mINSERT INTO "cities" ("name", "country_id", "created_at", "updated_at") VALUES (?, ?, ?, ?)[0m  [["name", "Veliky Novgorod"], ["country_id", 2], ["created_at", "2018-03-20 13:03:36.853788"], ["updated_at", "2018-03-20 13:03:36.853788"]]
  [1m[35m (24.3ms)[0m  [1m[36mcommit transaction[0m
  [1m[36mCountry Load (0.1ms)[0m  [1m[34mSELECT  "countries".* FROM "countries" WHERE "countries"."name" = ? LIMIT ?[0m  [["name", "Russia"], ["LIMIT", 1]]
  [1m[35m (0.1ms)[0m  [1m[36mbegin transaction[0m
  [1m[36mCountry Load (0.1ms)[0m  [1m[34mSELECT  "countries".* FROM "countries" WHERE "countries"."id" = ? LIMIT ?[0m  [["id", 2], ["LIMIT", 1]]
  [1m[35mSQL (0.3ms)[0m  [1m[32mINSERT INTO "cities" ("name", "country_id", "created_at", "updated_at") VALUES (?, ?, ?, ?)[0m  [["name", "Vladimir"], ["country_id", 2], ["created_at", "2018-03-20 13:03:36.884287"], ["updated_at", "2018-03-20 13:03:36.884287"]]
  [1m[35m (24.6ms)[0m  [1m[36mcommit transaction[0m
  [1m[36mCountry Load (0.1ms)[0m  [1m[34mSELECT  "countries".* FROM "countries" WHERE "countries"."name" = ? LIMIT ?[0m  [["name", "Russia"], ["LIMIT", 1]]
  [1m[35m (0.1ms)[0m  [1m[36mbegin transaction[0m
  [1m[36mCountry Load (0.1ms)[0m  [1m[34mSELECT  "countries".* FROM "countries" WHERE "countries"."id" = ? LIMIT ?[0m  [["id", 2], ["LIMIT", 1]]
  [1m[35mSQL (0.3ms)[0m  [1m[32mINSERT INTO "cities" ("name", "country_id", "created_at", "updated_at") VALUES (?, ?, ?, ?)[0m  [["name", " Ivanovo"], ["country_id", 2], ["created_at", "2018-03-20 13:03:36.912750"], ["updated_at", "2018-03-20 13:03:36.912750"]]
  [1m[35m (26.4ms)[0m  [1m[36mcommit transaction[0m
  [1m[36mCountry Load (0.3ms)[0m  [1m[34mSELECT  "countries".* FROM "countries" WHERE "countries"."name" = ? LIMIT ?[0m  [["name", "Russia"], ["LIMIT", 1]]
  [1m[35m (0.1ms)[0m  [1m[36mbegin transaction[0m
  [1m[36mCountry Load (0.2ms)[0m  [1m[34mSELECT  "countries".* FROM "countries" WHERE "countries"."id" = ? LIMIT ?[0m  [["id", 2], ["LIMIT", 1]]
  [1m[35mSQL (0.4ms)[0m  [1m[32mINSERT INTO "cities" ("name", "country_id", "created_at", "updated_at") VALUES (?, ?, ?, ?)[0m  [["name", "Moscow"], ["country_id", 2], ["created_at", "2018-03-20 13:03:36.947028"], ["updated_at", "2018-03-20 13:03:36.947028"]]
  [1m[35m (28.5ms)[0m  [1m[36mcommit transaction[0m
  [1m[36mCountry Load (0.3ms)[0m  [1m[34mSELECT  "countries".* FROM "countries" WHERE "countries"."name" = ? LIMIT ?[0m  [["name", "USA"], ["LIMIT", 1]]
  [1m[35m (0.2ms)[0m  [1m[36mbegin transaction[0m
  [1m[36mCountry Load (0.3ms)[0m  [1m[34mSELECT  "countries".* FROM "countries" WHERE "countries"."id" = ? LIMIT ?[0m  [["id", 3], ["LIMIT", 1]]
  [1m[35mSQL (0.7ms)[0m  [1m[32mINSERT INTO "cities" ("name", "country_id", "created_at", "updated_at") VALUES (?, ?, ?, ?)[0m  [["name", "New York"], ["country_id", 3], ["created_at", "2018-03-20 13:03:36.986363"], ["updated_at", "2018-03-20 13:03:36.986363"]]
  [1m[35m (25.7ms)[0m  [1m[36mcommit transaction[0m
  [1m[36mCountry Load (0.3ms)[0m  [1m[34mSELECT  "countries".* FROM "countries" WHERE "countries"."name" = ? LIMIT ?[0m  [["name", "USA"], ["LIMIT", 1]]
  [1m[35m (0.2ms)[0m  [1m[36mbegin transaction[0m
  [1m[36mCountry Load (0.2ms)[0m  [1m[34mSELECT  "countries".* FROM "countries" WHERE "countries"."id" = ? LIMIT ?[0m  [["id", 3], ["LIMIT", 1]]
  [1m[35mSQL (0.5ms)[0m  [1m[32mINSERT INTO "cities" ("name", "country_id", "created_at", "updated_at") VALUES (?, ?, ?, ?)[0m  [["name", "Los Angeles"], ["country_id", 3], ["created_at", "2018-03-20 13:03:37.019427"], ["updated_at", "2018-03-20 13:03:37.019427"]]
  [1m[35m (22.1ms)[0m  [1m[36mcommit transaction[0m
  [1m[36mCountry Load (0.1ms)[0m  [1m[34mSELECT  "countries".* FROM "countries" WHERE "countries"."name" = ? LIMIT ?[0m  [["name", "USA"], ["LIMIT", 1]]
  [1m[35m (0.1ms)[0m  [1m[36mbegin transaction[0m
  [1m[36mCountry Load (0.1ms)[0m  [1m[34mSELECT  "countries".* FROM "countries" WHERE "countries"."id" = ? LIMIT ?[0m  [["id", 3], ["LIMIT", 1]]
  [1m[35mSQL (0.3ms)[0m  [1m[32mINSERT INTO "cities" ("name", "country_id", "created_at", "updated_at") VALUES (?, ?, ?, ?)[0m  [["name", "Chicago"], ["country_id", 3], ["created_at", "2018-03-20 13:03:37.048014"], ["updated_at", "2018-03-20 13:03:37.048014"]]
  [1m[35m (25.9ms)[0m  [1m[36mcommit transaction[0m
  [1m[36mCountry Load (0.3ms)[0m  [1m[34mSELECT  "countries".* FROM "countries" WHERE "countries"."name" = ? LIMIT ?[0m  [["name", "USA"], ["LIMIT", 1]]
  [1m[35m (0.1ms)[0m  [1m[36mbegin transaction[0m
  [1m[36mCountry Load (0.1ms)[0m  [1m[34mSELECT  "countries".* FROM "countries" WHERE "countries"."id" = ? LIMIT ?[0m  [["id", 3], ["LIMIT", 1]]
  [1m[35mSQL (0.3ms)[0m  [1m[32mINSERT INTO "cities" ("name", "country_id", "created_at", "updated_at") VALUES (?, ?, ?, ?)[0m  [["name", "Houston"], ["country_id", 3], ["created_at", "2018-03-20 13:03:37.079827"], ["updated_at", "2018-03-20 13:03:37.079827"]]
  [1m[35m (30.2ms)[0m  [1m[36mcommit transaction[0m
  [1m[36mCountry Load (0.1ms)[0m  [1m[34mSELECT  "countries".* FROM "countries" WHERE "countries"."name" = ? LIMIT ?[0m  [["name", "USA"], ["LIMIT", 1]]
  [1m[35m (0.1ms)[0m  [1m[36mbegin transaction[0m
  [1m[36mCountry Load (0.1ms)[0m  [1m[34mSELECT  "countries".* FROM "countries" WHERE "countries"."id" = ? LIMIT ?[0m  [["id", 3], ["LIMIT", 1]]
  [1m[35mSQL (0.2ms)[0m  [1m[32mINSERT INTO "cities" ("name", "country_id", "created_at", "updated_at") VALUES (?, ?, ?, ?)[0m  [["name", "Phoenix"], ["country_id", 3], ["created_at", "2018-03-20 13:03:37.113530"], ["updated_at", "2018-03-20 13:03:37.113530"]]
  [1m[35m (24.2ms)[0m  [1m[36mcommit transaction[0m
Started GET "/" for 127.0.0.1 at 2018-03-20 16:03:42 +0300
  [1m[35m (0.1ms)[0m  [1m[34mSELECT "schema_migrations"."version" FROM "schema_migrations" ORDER BY "schema_migrations"."version" ASC[0m
Processing by UsersController#new as HTML
  [1m[36mCountry Load (0.1ms)[0m  [1m[34mSELECT  "countries".* FROM "countries" ORDER BY "countries"."id" ASC LIMIT ?[0m  [["LIMIT", 1]]
  Rendering users/new.html.erb within layouts/application
  [1m[36mCountry Load (0.2ms)[0m  [1m[34mSELECT "countries".* FROM "countries"[0m
  [1m[36mCity Load (0.2ms)[0m  [1m[34mSELECT "cities".* FROM "cities" WHERE "cities"."country_id" = ?[0m  [["country_id", 1]]
  Rendered users/new.html.erb within layouts/application (15.1ms)
Completed 200 OK in 4927ms (Views: 4896.3ms | ActiveRecord: 2.0ms)


Started POST "/users" for 127.0.0.1 at 2018-03-20 16:03:52 +0300
Processing by UsersController#create as HTML
  Parameters: {"utf8"=>"✓", "authenticity_token"=>"lQfiEl0PO0obA695xeihsWQ4533xnUw4e5kF2GrBgL7Gop7AVoDrTUn0eDNh1RfLuDTJ7EYGHMskL3szIy/ZPw==", "user"=>{"first_name"=>"1", "last_name"=>"1", "email"=>"1", "email_confirmation"=>"1", "country_id"=>"1", "city_id"=>"1"}}
  [1m[36mCountry Load (0.4ms)[0m  [1m[34mSELECT  "countries".* FROM "countries" ORDER BY "countries"."id" ASC LIMIT ?[0m  [["LIMIT", 1]]
  [1m[35m (0.1ms)[0m  [1m[36mbegin transaction[0m
  [1m[36mCity Load (0.2ms)[0m  [1m[34mSELECT  "cities".* FROM "cities" WHERE "cities"."id" = ? LIMIT ?[0m  [["id", 1], ["LIMIT", 1]]
  [1m[36mCountry Load (0.2ms)[0m  [1m[34mSELECT  "countries".* FROM "countries" WHERE "countries"."id" = ? LIMIT ?[0m  [["id", 1], ["LIMIT", 1]]
  [1m[35mSQL (1.2ms)[0m  [1m[32mINSERT INTO "users" ("first_name", "last_name", "email", "country_id", "city_id", "created_at", "updated_at") VALUES (?, ?, ?, ?, ?, ?, ?)[0m  [["first_name", "1"], ["last_name", "1"], ["email", "1"], ["country_id", 1], ["city_id", 1], ["created_at", "2018-03-20 13:03:52.850618"], ["updated_at", "2018-03-20 13:03:52.850618"]]
  [1m[35m (26.4ms)[0m  [1m[36mcommit transaction[0m
Redirected to http://localhost:3000/users/1
Completed 302 Found in 49ms (ActiveRecord: 28.5ms)


Started GET "/users/1" for 127.0.0.1 at 2018-03-20 16:03:52 +0300
Processing by UsersController#show as HTML
  Parameters: {"id"=>"1"}
  [1m[36mUser Load (0.3ms)[0m  [1m[34mSELECT  "users".* FROM "users" WHERE "users"."id" = ? LIMIT ?[0m  [["id", 1], ["LIMIT", 1]]
  Rendering users/show.html.erb within layouts/application
  [1m[36mCountry Load (0.2ms)[0m  [1m[34mSELECT  "countries".* FROM "countries" WHERE "countries"."id" = ? LIMIT ?[0m  [["id", 1], ["LIMIT", 1]]
  [1m[36mCity Load (0.1ms)[0m  [1m[34mSELECT  "cities".* FROM "cities" WHERE "cities"."id" = ? LIMIT ?[0m  [["id", 1], ["LIMIT", 1]]
  Rendered users/show.html.erb within layouts/application (4.1ms)
Completed 200 OK in 89ms (Views: 85.5ms | ActiveRecord: 0.6ms)


